<?xml version="1.0" encoding="UTF-8"?>
<!-- Generated by org.testng.reporters.JUnitReportReporter -->
<testsuite hostname="DESKTOP-M47CIAF" failures="0" tests="1" name="Revise.Options" time="1.728" errors="0" timestamp="2024-10-09T18:41:14 IST" skipped="0">
  <testcase classname="Revise.Options" name="setup" time="1.728"/>
  <system-out/>
</testsuite> <!-- Revise.Options -->
