<?xml version="1.0" encoding="UTF-8"?>
<!-- Generated by org.testng.reporters.JUnitReportReporter -->
<testsuite hostname="DESKTOP-M47CIAF" failures="0" tests="4" name="WindowId_Revision.WindowId_One" time="8.838" errors="0" timestamp="2024-10-07T18:21:23 IST" skipped="0">
  <testcase classname="WindowId_Revision.WindowId_One" name="setup" time="3.162"/>
  <testcase classname="WindowId_Revision.WindowId_One" name="newWindow" time="5.078"/>
  <testcase classname="WindowId_Revision.WindowId_One" name="handlingWindows" time="0.404"/>
  <testcase classname="WindowId_Revision.WindowId_One" name="closeParticularTab" time="0.194"/>
</testsuite> <!-- WindowId_Revision.WindowId_One -->
