<?xml version="1.0" encoding="UTF-8"?>
<!-- Generated by org.testng.reporters.JUnitReportReporter -->
<testsuite hostname="DESKTOP-M47CIAF" failures="0" tests="1" name="Revise.ExcelRevise" time="0.420" errors="0" timestamp="2024-10-14T15:51:23 IST" skipped="0">
  <testcase classname="Revise.ExcelRevise" name="testone" time="0.420"/>
  <system-out/>
</testsuite> <!-- Revise.ExcelRevise -->
