<?xml version="1.0" encoding="UTF-8"?>
<!-- Generated by org.testng.reporters.JUnitReportReporter -->
<testsuite hostname="DESKTOP-M47CIAF" failures="0" tests="3" name="Revise.MouseActions" time="9.090" errors="0" timestamp="2024-10-08T19:07:52 IST" skipped="0">
  <testcase classname="Revise.MouseActions" name="hover" time="0.891"/>
  <system-out/>
  <testcase classname="Revise.MouseActions" name="doubleClick" time="4.373"/>
  <system-out/>
  <testcase classname="Revise.MouseActions" name="draganddrop" time="3.826"/>
  <system-out/>
</testsuite> <!-- Revise.MouseActions -->
