<?xml version="1.0" encoding="UTF-8"?>
<!-- Generated by org.testng.reporters.JUnitReportReporter -->
<testsuite hostname="DESKTOP-M47CIAF" failures="0" tests="1" name="Revise.iframe" time="5.251" errors="0" timestamp="2024-10-08T15:01:12 IST" skipped="0">
  <testcase classname="Revise.iframe" name="handling_frame" time="5.251"/>
  <system-out/>
</testsuite> <!-- Revise.iframe -->
