<?xml version="1.0" encoding="UTF-8"?>
<!-- Generated by org.testng.reporters.JUnitReportReporter -->
<testsuite hostname="DESKTOP-M47CIAF" failures="0" tests="1" name="Revise.KeyBoardActions" time="0.228" errors="0" timestamp="2024-10-08T20:47:02 IST" skipped="0">
  <testcase classname="Revise.KeyBoardActions" name="keyboardActions" time="0.228"/>
  <system-out/>
</testsuite> <!-- Revise.KeyBoardActions -->
