<?xml version="1.0" encoding="UTF-8"?>
<!-- Generated by org.testng.reporters.JUnitReportReporter -->
<testsuite hostname="DESKTOP-M47CIAF" failures="0" tests="5" name="Revise.Alert_Revise" time="4.350" errors="0" timestamp="2024-10-08T13:47:01 IST" skipped="0">
  <testcase classname="Revise.Alert_Revise" name="handling_NormalAlert" time="2.090"/>
  <system-out/>
  <testcase classname="Revise.Alert_Revise" name="confrimAlert_Accept" time="0.080"/>
  <system-out/>
  <testcase classname="Revise.Alert_Revise" name="confrimAlert_Reject" time="0.072"/>
  <system-out/>
  <testcase classname="Revise.Alert_Revise" name="promptAlert_Accept" time="0.065"/>
  <system-out/>
  <testcase classname="Revise.Alert_Revise" name="promptAlert_dismiss" time="2.043"/>
  <system-out/>
</testsuite> <!-- Revise.Alert_Revise -->
