<?xml version="1.0" encoding="UTF-8"?>
<!-- Generated by org.testng.reporters.JUnitReportReporter -->
<testsuite hostname="DESKTOP-M47CIAF" failures="0" tests="1" name="Revise.WriteExcel" time="0.452" errors="0" timestamp="2024-10-14T16:12:33 IST" skipped="0">
  <testcase classname="Revise.WriteExcel" name="testWrite" time="0.452"/>
  <system-out/>
</testsuite> <!-- Revise.WriteExcel -->
