<?xml version="1.0" encoding="UTF-8"?>
<!-- Generated by org.testng.reporters.JUnitReportReporter -->
<testsuite hostname="DESKTOP-M47CIAF" failures="0" tests="1" name="Revise.Dropdown" time="7.751" errors="0" timestamp="2024-10-08T16:32:10 IST" skipped="0">
  <testcase classname="Revise.Dropdown" name="hiddenDropdowns" time="7.751"/>
  <system-out/>
</testsuite> <!-- Revise.Dropdown -->
