<?xml version="1.0" encoding="UTF-8"?>
<!-- Generated by org.testng.reporters.JUnitReportReporter -->
<testsuite hostname="DESKTOP-M47CIAF" failures="0" tests="1" name="Revise.JsExecutor" time="6.386" errors="0" timestamp="2024-10-09T18:11:12 IST" skipped="0">
  <testcase classname="Revise.JsExecutor" name="jsExecutorUseCases" time="6.386"/>
  <system-out/>
</testsuite> <!-- Revise.JsExecutor -->
