<?xml version="1.0" encoding="UTF-8"?>
<!-- Generated by org.testng.reporters.JUnitReportReporter -->
<testsuite hostname="DESKTOP-M47CIAF" failures="0" tests="1" name="Revise.ExcelOperations" time="0.500" errors="0" timestamp="2024-10-14T18:33:13 IST" skipped="0">
  <testcase classname="Revise.ExcelOperations" name="setCellDataTest" time="0.500"/>
  <system-out/>
</testsuite> <!-- Revise.ExcelOperations -->
