<?xml version="1.0" encoding="UTF-8"?>
<!-- Generated by org.testng.reporters.JUnitReportReporter -->
<testsuite hostname="DESKTOP-M47CIAF" failures="0" tests="1" name="Revise.TsScreenshots" time="0.682" errors="0" timestamp="2024-10-09T18:18:33 IST" skipped="0">
  <testcase classname="Revise.TsScreenshots" name="screenShots" time="0.682"/>
  <system-out/>
</testsuite> <!-- Revise.TsScreenshots -->
