<?xml version="1.0" encoding="UTF-8"?>
<!-- Generated by org.testng.reporters.JUnitReportReporter -->
<testsuite hostname="DESKTOP-M47CIAF" failures="0" tests="1" name="KeyBoardActions.KeyBoardActionBasic" time="0.661" errors="0" timestamp="2024-10-08T20:38:17 IST" skipped="0">
  <testcase classname="KeyBoardActions.KeyBoardActionBasic" name="threeKeys" time="0.661"/>
  <system-out/>
</testsuite> <!-- KeyBoardActions.KeyBoardActionBasic -->
